<?xml version="1.0" encoding="UTF-8"?>
<!-- Generated by org.testng.reporters.JUnitReportReporter -->
<testsuite skipped="0" hostname="prasad-siva" name="com.icinbank.AddRecipient" tests="1" failures="0" timestamp="16 Aug 2020 15:36:19 GMT" time="36.156" errors="0">
  <testcase name="addRecipient" time="36.156" classname="com.icinbank.AddRecipient"/>
</testsuite> <!-- com.icinbank.AddRecipient -->
