<?xml version="1.0" encoding="UTF-8"?>
<!-- Generated by org.testng.reporters.JUnitReportReporter -->
<testsuite skipped="0" hostname="prasad-siva" name="com.icinbank.TransferbtwAccounts" tests="2" failures="0" timestamp="16 Aug 2020 12:48:11 GMT" time="57.857" errors="0">
  <testcase name="primaryTOsavings" time="27.451" classname="com.icinbank.TransferbtwAccounts"/>
  <testcase name="savingsTOprimary" time="30.406" classname="com.icinbank.TransferbtwAccounts"/>
</testsuite> <!-- com.icinbank.TransferbtwAccounts -->
