<?xml version="1.0" encoding="UTF-8"?>
<!-- Generated by org.testng.reporters.JUnitReportReporter -->
<testsuite skipped="0" hostname="prasad-siva" name="com.icinbank.RegistrationForm" tests="1" failures="0" timestamp="16 Aug 2020 16:59:23 GMT" time="23.595" errors="0">
  <testcase name="registrationTest" time="23.595" classname="com.icinbank.RegistrationForm"/>
</testsuite> <!-- com.icinbank.RegistrationForm -->
