<?xml version="1.0" encoding="UTF-8"?>
<!-- Generated by org.testng.reporters.JUnitReportReporter -->
<testsuite skipped="0" hostname="prasad-siva" name="com.icinbank.RequestChequebook" tests="1" failures="0" timestamp="16 Aug 2020 15:17:56 GMT" time="30.718" errors="0">
  <testcase name="requestcheque" time="30.718" classname="com.icinbank.RequestChequebook"/>
</testsuite> <!-- com.icinbank.RequestChequebook -->
