<?xml version="1.0" encoding="UTF-8"?>
<!-- Generated by org.testng.reporters.JUnitReportReporter -->
<testsuite skipped="0" hostname="prasad-siva" name="com.icinbank.Deposit" tests="2" failures="0" timestamp="16 Aug 2020 16:58:25 GMT" time="58.700" errors="0">
  <testcase name="primaryDeposit" time="29.534" classname="com.icinbank.Deposit"/>
  <testcase name="savingsDeposit" time="29.166" classname="com.icinbank.Deposit"/>
</testsuite> <!-- com.icinbank.Deposit -->
