<?xml version="1.0" encoding="UTF-8"?>
<!-- Generated by org.testng.reporters.JUnitReportReporter -->
<testsuite skipped="0" hostname="prasad-siva" name="com.icinbank.Withdraw" tests="1" failures="0" timestamp="16 Aug 2020 16:58:25 GMT" time="35.460" errors="0">
  <testcase name="primaryWithdraw" time="35.460" classname="com.icinbank.Withdraw"/>
</testsuite> <!-- com.icinbank.Withdraw -->
