<?xml version="1.0" encoding="UTF-8"?>
<!-- Generated by org.testng.reporters.JUnitReportReporter -->
<testsuite skipped="0" hostname="prasad-siva" name="com.icinbank.Profiledisplay" tests="2" failures="0" timestamp="16 Aug 2020 16:58:25 GMT" time="59.781" errors="0">
  <testcase name="profileview" time="25.973" classname="com.icinbank.Profiledisplay"/>
  <testcase name="logoutTest" time="33.808" classname="com.icinbank.Profiledisplay"/>
</testsuite> <!-- com.icinbank.Profiledisplay -->
